--------------------------------------------------------------------------------
Release 13.4 Trace  (nt64)
Copyright (c) 1995-2011 Xilinx, Inc.  All rights reserved.

C:\Xilinx\13.4\ISE_DS\ISE\bin\nt64\unwrapped\trce.exe -intstyle ise -v 3 -s 5
-n 3 -fastpaths -xml latchtop.twx latchtop.ncd -o latchtop.twr latchtop.pcf
-ucf latchtop.ucf

Design file:              latchtop.ncd
Physical constraint file: latchtop.pcf
Device,package,speed:     xc3s250e,tq144,-5 (PRODUCTION 1.27 2012-01-07)
Report level:             verbose report

Environment Variable      Effect 
--------------------      ------ 
NONE                      No environment variables were set
--------------------------------------------------------------------------------

INFO:Timing:2698 - No timing constraints found, doing default enumeration.
INFO:Timing:3412 - To improve timing, see the Timing Closure User Guide (UG612).
INFO:Timing:2752 - To get complete path coverage, use the unconstrained paths 
   option. All paths that are not constrained will be reported in the 
   unconstrained paths section(s) of the report.
INFO:Timing:3339 - The clock-to-out numbers in this timing report are based on 
   a 50 Ohm transmission line loading model.  For the details of this model, 
   and for more information on accounting for different loading conditions, 
   please see the device datasheet.
INFO:Timing:3390 - This architecture does not support a default System Jitter 
   value, please add SYSTEM_JITTER constraint to the UCF to modify the Clock 
   Uncertainty calculation.
INFO:Timing:3389 - This architecture does not support 'Discrete Jitter' and 
   'Phase Error' calculations, these terms will be zero in the Clock 
   Uncertainty calculation.  Please make appropriate modification to 
   SYSTEM_JITTER to account for the unsupported Discrete Jitter and Phase 
   Error.



Data Sheet report:
-----------------
All values displayed in nanoseconds (ns)

Clock to Setup on destination clock CLK
---------------+---------+---------+---------+---------+
               | Src:Rise| Src:Fall| Src:Rise| Src:Fall|
Source Clock   |Dest:Rise|Dest:Rise|Dest:Fall|Dest:Fall|
---------------+---------+---------+---------+---------+
CLK            |    4.042|         |         |         |
---------------+---------+---------+---------+---------+

Clock to Setup on destination clock CLKsignal
---------------+---------+---------+---------+---------+
               | Src:Rise| Src:Fall| Src:Rise| Src:Fall|
Source Clock   |Dest:Rise|Dest:Rise|Dest:Fall|Dest:Fall|
---------------+---------+---------+---------+---------+
CLKsignal      |    4.389|         |         |         |
s1             |    8.245|         |         |         |
s10            |    8.245|         |         |         |
s100           |    8.245|         |         |         |
---------------+---------+---------+---------+---------+

Clock to Setup on destination clock s1
---------------+---------+---------+---------+---------+
               | Src:Rise| Src:Fall| Src:Rise| Src:Fall|
Source Clock   |Dest:Rise|Dest:Rise|Dest:Fall|Dest:Fall|
---------------+---------+---------+---------+---------+
s1             |    2.419|         |    2.014|         |
s10            |    2.419|         |    2.014|         |
s100           |    2.419|         |    2.014|         |
---------------+---------+---------+---------+---------+

Clock to Setup on destination clock s10
---------------+---------+---------+---------+---------+
               | Src:Rise| Src:Fall| Src:Rise| Src:Fall|
Source Clock   |Dest:Rise|Dest:Rise|Dest:Fall|Dest:Fall|
---------------+---------+---------+---------+---------+
s1             |    2.419|         |    2.014|         |
s10            |    2.419|         |    2.014|         |
s100           |    2.419|         |    2.014|         |
---------------+---------+---------+---------+---------+

Clock to Setup on destination clock s100
---------------+---------+---------+---------+---------+
               | Src:Rise| Src:Fall| Src:Rise| Src:Fall|
Source Clock   |Dest:Rise|Dest:Rise|Dest:Fall|Dest:Fall|
---------------+---------+---------+---------+---------+
s1             |    2.419|         |    2.014|         |
s10            |    2.419|         |    2.014|         |
s100           |    2.419|         |    2.014|         |
---------------+---------+---------+---------+---------+

Pad to Pad
---------------+---------------+---------+
Source Pad     |Destination Pad|  Delay  |
---------------+---------------+---------+
s1             |SEG<0>         |    9.213|
s1             |SEG<1>         |   10.312|
s1             |SEG<2>         |    9.419|
s1             |SEG<3>         |   10.274|
s1             |SEG<4>         |   10.966|
s1             |SEG<5>         |   10.189|
s1             |SEG<6>         |    9.619|
s1             |SEG<7>         |   12.506|
s10            |SEG<0>         |    9.184|
s10            |SEG<1>         |   10.283|
s10            |SEG<2>         |    9.390|
s10            |SEG<3>         |   10.245|
s10            |SEG<4>         |   10.937|
s10            |SEG<5>         |   10.160|
s10            |SEG<6>         |    9.590|
s10            |SEG<7>         |   11.747|
s100           |SEG<0>         |    8.852|
s100           |SEG<1>         |    9.951|
s100           |SEG<2>         |    9.058|
s100           |SEG<3>         |    9.913|
s100           |SEG<4>         |   10.605|
s100           |SEG<5>         |    9.828|
s100           |SEG<6>         |    9.258|
s100           |SEG<7>         |   11.116|
---------------+---------------+---------+


Analysis completed Sun Mar 31 21:15:27 2019 
--------------------------------------------------------------------------------

Trace Settings:
-------------------------
Trace Settings 

Peak Memory Usage: 161 MB



