Release 13.4 - xst O.87xd (nt64)
Copyright (c) 1995-2011 Xilinx, Inc.  All rights reserved.
--> Parameter TMPDIR set to xst/projnav.tmp


Total REAL time to Xst completion: 0.00 secs
Total CPU time to Xst completion: 0.07 secs
 
--> Parameter xsthdpdir set to xst


Total REAL time to Xst completion: 0.00 secs
Total CPU time to Xst completion: 0.07 secs
 
--> Reading design: latchtop.prj

TABLE OF CONTENTS
  1) Synthesis Options Summary
  2) HDL Compilation
  3) Design Hierarchy Analysis
  4) HDL Analysis
  5) HDL Synthesis
     5.1) HDL Synthesis Report
  6) Advanced HDL Synthesis
     6.1) Advanced HDL Synthesis Report
  7) Low Level Synthesis
  8) Partition Report
  9) Final Report
	9.1) Device utilization summary
	9.2) Partition Resource Summary
	9.3) TIMING REPORT


=========================================================================
*                      Synthesis Options Summary                        *
=========================================================================
---- Source Parameters
Input File Name                    : "latchtop.prj"
Input Format                       : mixed
Ignore Synthesis Constraint File   : NO

---- Target Parameters
Output File Name                   : "latchtop"
Output Format                      : NGC
Target Device                      : xc3s250e-5-tq144

---- Source Options
Top Module Name                    : latchtop
Automatic FSM Extraction           : YES
FSM Encoding Algorithm             : Auto
Safe Implementation                : No
FSM Style                          : LUT
RAM Extraction                     : Yes
RAM Style                          : Auto
ROM Extraction                     : Yes
Mux Style                          : Auto
Decoder Extraction                 : YES
Priority Encoder Extraction        : Yes
Shift Register Extraction          : YES
Logical Shifter Extraction         : YES
XOR Collapsing                     : YES
ROM Style                          : Auto
Mux Extraction                     : Yes
Resource Sharing                   : YES
Asynchronous To Synchronous        : NO
Multiplier Style                   : Auto
Automatic Register Balancing       : No

---- Target Options
Add IO Buffers                     : YES
Global Maximum Fanout              : 100000
Add Generic Clock Buffer(BUFG)     : 24
Register Duplication               : YES
Slice Packing                      : YES
Optimize Instantiated Primitives   : NO
Use Clock Enable                   : Yes
Use Synchronous Set                : Yes
Use Synchronous Reset              : Yes
Pack IO Registers into IOBs        : Auto
Equivalent register Removal        : YES

---- General Options
Optimization Goal                  : Speed
Optimization Effort                : 1
Keep Hierarchy                     : No
Netlist Hierarchy                  : As_Optimized
RTL Output                         : Yes
Global Optimization                : AllClockNets
Read Cores                         : YES
Write Timing Constraints           : NO
Cross Clock Analysis               : NO
Hierarchy Separator                : /
Bus Delimiter                      : <>
Case Specifier                     : Maintain
Slice Utilization Ratio            : 100
BRAM Utilization Ratio             : 100
Verilog 2001                       : YES
Auto BRAM Packing                  : NO
Slice Utilization Ratio Delta      : 5

=========================================================================


=========================================================================
*                          HDL Compilation                              *
=========================================================================
Compiling vhdl file "F:/eelab/latch_test/latch.vhd" in Library work.
Architecture behavioral of Entity latch is up to date.
Compiling vhdl file "F:/eelab/latch_test/latchtop.vhf" in Library work.
Architecture behavioral of Entity latchtop is up to date.

=========================================================================
*                     Design Hierarchy Analysis                         *
=========================================================================
Analyzing hierarchy for entity <latchtop> in library <work> (architecture <behavioral>).

Analyzing hierarchy for entity <latch> in library <work> (architecture <behavioral>).


=========================================================================
*                            HDL Analysis                               *
=========================================================================
Analyzing Entity <latchtop> in library <work> (Architecture <behavioral>).
WARNING:Xst:753 - "F:/eelab/latch_test/latchtop.vhf" line 60: Unconnected output port 'numout1' of component 'latch'.
WARNING:Xst:753 - "F:/eelab/latch_test/latchtop.vhf" line 60: Unconnected output port 'numout2' of component 'latch'.
WARNING:Xst:753 - "F:/eelab/latch_test/latchtop.vhf" line 60: Unconnected output port 'numout3' of component 'latch'.
WARNING:Xst:753 - "F:/eelab/latch_test/latchtop.vhf" line 60: Unconnected output port 'numout4' of component 'latch'.
WARNING:Xst:753 - "F:/eelab/latch_test/latchtop.vhf" line 60: Unconnected output port 'numout5' of component 'latch'.
WARNING:Xst:753 - "F:/eelab/latch_test/latchtop.vhf" line 60: Unconnected output port 'numout6' of component 'latch'.
Entity <latchtop> analyzed. Unit <latchtop> generated.

Analyzing Entity <latch> in library <work> (Architecture <behavioral>).
Entity <latch> analyzed. Unit <latch> generated.


=========================================================================
*                           HDL Synthesis                               *
=========================================================================

Performing bidirectional port resolution...

Synthesizing Unit <latch>.
    Related source file is "F:/eelab/latch_test/latch.vhd".
    Found 4-bit register for signal <numout1>.
    Found 4-bit register for signal <numout2>.
    Found 4-bit register for signal <numout3>.
    Found 4-bit register for signal <numout4>.
    Found 4-bit register for signal <numout5>.
    Found 4-bit register for signal <numout6>.
    Found 1-bit register for signal <overout>.
    Summary:
	inferred  25 D-type flip-flop(s).
Unit <latch> synthesized.


Synthesizing Unit <latchtop>.
    Related source file is "F:/eelab/latch_test/latchtop.vhf".
WARNING:Xst:653 - Signal <XLXI_1_numin6_openSignal> is used but never assigned. This sourceless signal will be automatically connected to value 0000.
WARNING:Xst:653 - Signal <XLXI_1_numin5_openSignal> is used but never assigned. This sourceless signal will be automatically connected to value 0000.
WARNING:Xst:653 - Signal <XLXI_1_numin4_openSignal> is used but never assigned. This sourceless signal will be automatically connected to value 0000.
WARNING:Xst:653 - Signal <XLXI_1_numin3_openSignal> is used but never assigned. This sourceless signal will be automatically connected to value 0000.
WARNING:Xst:653 - Signal <XLXI_1_numin2_openSignal> is used but never assigned. This sourceless signal will be automatically connected to value 0000.
WARNING:Xst:653 - Signal <XLXI_1_numin1_openSignal> is used but never assigned. This sourceless signal will be automatically connected to value 0000.
Unit <latchtop> synthesized.


=========================================================================
HDL Synthesis Report

Macro Statistics
# Registers                                            : 7
 1-bit register                                        : 1
 4-bit register                                        : 6

=========================================================================

=========================================================================
*                       Advanced HDL Synthesis                          *
=========================================================================


=========================================================================
Advanced HDL Synthesis Report

Macro Statistics
# Registers                                            : 25
 Flip-Flops                                            : 25

=========================================================================

=========================================================================
*                         Low Level Synthesis                           *
=========================================================================
INFO:Xst:2261 - The FF/Latch <numout1_0> in Unit <latch> is equivalent to the following 23 FFs/Latches, which will be removed : <numout1_1> <numout1_2> <numout1_3> <numout2_0> <numout2_1> <numout2_2> <numout2_3> <numout3_0> <numout3_1> <numout3_2> <numout3_3> <numout4_0> <numout4_1> <numout4_2> <numout4_3> <numout5_0> <numout5_1> <numout5_2> <numout5_3> <numout6_0> <numout6_1> <numout6_2> <numout6_3> 
WARNING:Xst:1710 - FF/Latch <numout1_0> (without init value) has a constant value of 0 in block <latch>. This FF/Latch will be trimmed during the optimization process.

Optimizing unit <latchtop> ...

Mapping all equations...
Building and optimizing final netlist ...
Found area constraint ratio of 100 (+ 5) on block latchtop, actual ratio is 0.

Final Macro Processing ...

=========================================================================
Final Register Report

Macro Statistics
# Registers                                            : 1
 Flip-Flops                                            : 1

=========================================================================

=========================================================================
*                           Partition Report                            *
=========================================================================

Partition Implementation Status
-------------------------------

  No Partitions were found in this design.

-------------------------------

=========================================================================
*                            Final Report                               *
=========================================================================
Final Results
RTL Top Level Output File Name     : latchtop.ngr
Top Level Output File Name         : latchtop
Output Format                      : NGC
Optimization Goal                  : Speed
Keep Hierarchy                     : No

Design Statistics
# IOs                              : 3

Cell Usage :
# FlipFlops/Latches                : 1
#      FD                          : 1
# Clock Buffers                    : 1
#      BUFGP                       : 1
# IO Buffers                       : 2
#      IBUF                        : 1
#      OBUF                        : 1
=========================================================================

Device utilization summary:
---------------------------

Selected Device : 3s250etq144-5 

 Number of Slices:                        0  out of   2448     0%  
 Number of IOs:                           3
 Number of bonded IOBs:                   3  out of    108     2%  
    IOB Flip Flops:                       1
 Number of GCLKs:                         1  out of     24     4%  

---------------------------
Partition Resource Summary:
---------------------------

  No Partitions were found in this design.

---------------------------


=========================================================================
TIMING REPORT

NOTE: THESE TIMING NUMBERS ARE ONLY A SYNTHESIS ESTIMATE.
      FOR ACCURATE TIMING INFORMATION PLEASE REFER TO THE TRACE REPORT
      GENERATED AFTER PLACE-and-ROUTE.

Clock Information:
------------------
-----------------------------------+------------------------+-------+
Clock Signal                       | Clock buffer(FF name)  | Load  |
-----------------------------------+------------------------+-------+
ltch                               | BUFGP                  | 1     |
-----------------------------------+------------------------+-------+

Asynchronous Control Signals Information:
----------------------------------------
No asynchronous control signals found in this design

Timing Summary:
---------------
Speed Grade: -5

   Minimum period: No path found
   Minimum input arrival time before clock: 1.731ns
   Maximum output required time after clock: 4.040ns
   Maximum combinational path delay: No path found

Timing Detail:
--------------
All values displayed in nanoseconds (ns)

=========================================================================
Timing constraint: Default OFFSET IN BEFORE for Clock 'ltch'
  Total number of paths / destination ports: 1 / 1
-------------------------------------------------------------------------
Offset:              1.731ns (Levels of Logic = 1)
  Source:            overin (PAD)
  Destination:       XLXI_1/overout (FF)
  Destination Clock: ltch rising

  Data Path: overin to XLXI_1/overout
                                Gate     Net
    Cell:in->out      fanout   Delay   Delay  Logical Name (Net Name)
    ----------------------------------------  ------------
     IBUF:I->O             1   1.106   0.357  overin_IBUF (overin_IBUF)
     FD:D                      0.268          XLXI_1/overout
    ----------------------------------------
    Total                      1.731ns (1.374ns logic, 0.357ns route)
                                       (79.4% logic, 20.6% route)

=========================================================================
Timing constraint: Default OFFSET OUT AFTER for Clock 'ltch'
  Total number of paths / destination ports: 1 / 1
-------------------------------------------------------------------------
Offset:              4.040ns (Levels of Logic = 1)
  Source:            XLXI_1/overout (FF)
  Destination:       overout (PAD)
  Source Clock:      ltch rising

  Data Path: XLXI_1/overout to overout
                                Gate     Net
    Cell:in->out      fanout   Delay   Delay  Logical Name (Net Name)
    ----------------------------------------  ------------
     FD:C->Q               1   0.514   0.357  XLXI_1/overout (XLXI_1/overout)
     OBUF:I->O                 3.169          overout_OBUF (overout)
    ----------------------------------------
    Total                      4.040ns (3.683ns logic, 0.357ns route)
                                       (91.2% logic, 8.8% route)

=========================================================================


Total REAL time to Xst completion: 9.00 secs
Total CPU time to Xst completion: 8.37 secs
 
--> 

Total memory usage is 262304 kilobytes

Number of errors   :    0 (   0 filtered)
Number of warnings :   13 (   0 filtered)
Number of infos    :    1 (   0 filtered)

