Release 13.4 - ngc2edif O.87xd (nt64)
Copyright (c) 1995-2011 Xilinx, Inc.  All rights reserved.
Reading design latchtop.ngc ...
WARNING:NetListWriters:298 - No output is written to latchtop.xncf, ignored.
Processing design ...
   Preping design's networks ...
   Preping design's macros ...
  finished :Prep
Writing EDIF netlist file latchtop.edif ...
ngc2edif: Total memory usage is 81892 kilobytes

Release 13.4 - ngc2edif O.87xd (nt64)
Copyright (c) 1995-2011 Xilinx, Inc.  All rights reserved.
Reading design latchtop.ngc ...
WARNING:NetListWriters:298 - No output is written to latchtop.xncf, ignored.
Processing design ...
   Preping design's networks ...
   Preping design's macros ...
  finished :Prep
Writing EDIF netlist file latchtop.edif ...
ngc2edif: Total memory usage is 82148 kilobytes

